<?xml version="1.0" encoding="UTF-8"?>
<!-- Generated by org.testng.reporters.JUnitReportReporter -->
<testsuite hostname="Nitins-MacBook-Pro.local" failures="0" tests="8" name="com.github.CRUD.Validating_CRUDTests" time="6.074" errors="0" timestamp="2024-03-20T02:06:49 PDT" skipped="0">
  <testcase classname="com.github.CRUD.Validating_CRUDTests" name="validateGetSingleRepo" time="1.534"/>
  <system-out/>
  <testcase classname="com.github.CRUD.Validating_CRUDTests" name="validateInvalidRepo" time="0.472"/>
  <system-out/>
  <testcase classname="com.github.CRUD.Validating_CRUDTests" name="validateGetallRepos" time="0.844"/>
  <system-out/>
  <testcase classname="com.github.CRUD.Validating_CRUDTests" name="validateAddData" time="1.028"/>
  <system-out/>
  <testcase classname="com.github.CRUD.Validating_CRUDTests" name="validateCreateRepoWithExisting" time="0.506"/>
  <system-out/>
  <testcase classname="com.github.CRUD.Validating_CRUDTests" name="validateUpdatedData" time="0.920"/>
  <system-out/>
  <testcase classname="com.github.CRUD.Validating_CRUDTests" name="validateDeletedRepo" time="0.504"/>
  <system-out/>
  <testcase classname="com.github.CRUD.Validating_CRUDTests" name="validateDeletedNonExistRepo" time="0.266"/>
  <system-out/>
</testsuite> <!-- com.github.CRUD.Validating_CRUDTests -->
